
[0;36m[orbit][0m Load variables from user-editable file - /home/psilva/openstack-orbit/install/orbit.conf.. [0;32m[ OK ][0m
orbit: A Virtual Openstack RedHat-based Environment starting on Ter Jun 30 12:30:21 WEST 2015
[0;36m[orbit][0m Load file names and structure.. [0;32m[ OK ][0m
[0;36m[orbit][0m Check if virtualization is enabled.. [0;32m[ OK ][0m
[0;36m[orbit][0m Generate MACs.. [0;32m[ OK ][0m
[0;36m[orbit][0m Check if required software is installed.. [0;32m[ OK ][0m
[0;36m[orbit][0m Test if name 'orbit-management' is available for creating the management network.. [0;32m[ OK ][0m
[0;36m[orbit][0m Test if name 'orbit-tunnels' is available for creating the data network.. [0;32m[ OK ][0m
[0;36m[orbit][0m Test if name 'orbit-external' is available for creating the external network.. [0;32m[ OK ][0m
[0;36m[orbit][0m Read empty xml templates into temporary files.. [0;32m[ OK ][0m
[0;36m[orbit][0m Writing xml files according to configuration file.. [0;32m[ OK ][0m
[0;36m[orbit][0m Create and start the network orbit-management.. [0;32m[ OK ][0m
[0;36m[orbit][0m Create and start the network orbit-tunnels.. [0;32m[ OK ][0m
[0;36m[orbit][0m Create and start the network orbit-external.. [0;32m[ OK ][0m
[0;36m[orbit][0m Cloning base vm into controller vm.. [0;32m[ OK ][0m
[0;36m[orbit][0m Cloning base vm into network vm.. [0;32m[ OK ][0m
[0;36m[orbit][0m Cloning base vm into compute1 vm.. [0;32m[ OK ][0m
[0;36m[orbit][0m Starting VMs - Write HWADDR in ifcfg-eth0 with first-boot.. [0;32m[ OK ][0m
[0;36m[orbit][0m Waiting 30 seconds for vms to start and perform first-boot script safely..[0;32m[ OK ][0m
[0;36m[orbit][0m Shutting down VMs for offline network configuration.. [0;32m[ OK ][0m
[0;36m[orbit][0m Waiting 30 seconds for vms to shutdown safely..[0;32m[ OK ][0m
[0;36m[orbit][0m Adding network-interfaces for orbit-tunnels network in network and compute1 nodes..[0;32m[ OK ][0m
[0;36m[orbit][0m Re-starting the VMs.. [0;32m[ OK ][0m
[0;36m[orbit][0m [0;32mInstallation successful![0m
[0;36m[orbit][0m Elapsed Time: 1m 18s
